<?xml version="1.0" encoding="UTF-8"?>
<testsuite name="org.sharedLibrary.HelloWorldTestJavaHelper" tests="1" skipped="1" failures="0" errors="0" timestamp="2019-03-05T17:33:05" hostname="touchlabs-MacBook-Pro-2.local" time="0.0">
  <properties/>
  <testcase name="testSharedGreeting" classname="org.sharedLibrary.HelloWorldTestJavaHelper" time="0.0">
    <skipped/>
  </testcase>
  <system-out><![CDATA[]]></system-out>
  <system-err><![CDATA[]]></system-err>
</testsuite>
