<?xml version="1.0" encoding="UTF-8"?>
<testsuite name="org.greeting.SharedHelloWorldTest" tests="1" skipped="0" failures="0" errors="0" timestamp="2019-02-26T20:51:31" hostname="touchlabs-MacBook-Pro-2.local" time="0.0">
  <properties/>
  <testcase name="testSharedGreeting" classname="org.greeting.SharedHelloWorldTest" time="0.0"/>
  <system-out><![CDATA[]]></system-out>
  <system-err><![CDATA[]]></system-err>
</testsuite>
